/* Objective function */
MIN: X0 + X1 + X2 + X3 + X4 + X5 + X6 + X7 + X8 + X9 + X10 + X11 + X12 + X13 + X14 + X15 + X16 + X17;

/* Variable bounds (aka min and max value) */
X0 >= 0;
X0 <= 21;
X1 >= 0;
X1 <= 11;
X2 >= 0;
X2 <= 8;
X3 >= 0;
X3 <= 6;
X4 >= 0;
X4 <= 5;
X5 >= 0;
X5 <= 8;
X6 >= 0;
X6 <= 11;
X7 >= 0;
X7 <= 6;
X8 >= 0;
X8 <= 11;
X9 >= 0;
X9 <= 6;
X10 >= 0;
X10 <= 6;
X11 >= 0;
X11 <= 11;
X12 >= 0;
X12 <= 11;
X13 >= 0;
X13 <= 6;
X14 >= 0;
X14 <= 6;
X15 >= 0;
X15 <= 6;
X16 >= 0;
X16 <= 11;
X17 >= 0;
X17 <= 9;

/* Variable Constraints */
1*X0 + 2*X1 + 3*X2 + 4*X3 + 5*X4 + 3*X5 + 2*X6 + 2*X7 + 1*X8 + 1*X9 + 1*X10 + 1*X11 >= 20;
1*X5 + 1*X6 + 1*X8 + 2*X9 + 1*X12 + 2*X13 + 1*X14 >= 10;
1*X7 + 1*X10 + 1*X14 + 1*X15 >= 5;
1*X11 + 1*X16 >= 10;
1*X17 >= 8;

/* Variable Types */
int X0;
int X1;
int X2;
int X3;
int X4;
int X5;
int X6;
int X7;
int X8;
int X9;
int X10;
int X11;
int X12;
int X13;
int X14;
int X15;
int X16;
int X17;

/* Linear equations system explained 
	eq 0: 1*100
	eq 1: 2*100
	eq 2: 3*100
	eq 3: 4*100
	eq 4: 5*100
	eq 5: 3*100 + 1*200
	eq 6: 2*100 + 1*200
	eq 7: 2*100 + 1*330
	eq 8: 1*100 + 1*200
	eq 9: 1*100 + 2*200
	eq10: 1*100 + 1*330
	eq11: 1*100 + 1*420
	eq12: 1*200
	eq13: 2*200
	eq14: 1*200 + 1*330
	eq15: 1*330
	eq16: 1*420
	eq17: 1*500
*/
